2018-07-23 12:26:25.187  INFO 2708 --- [main] c.e.d.DataUsersServiceApplication        : No active profile set, falling back to default profiles: default
2018-07-23 12:26:26.524  WARN 2708 --- [main] c.n.c.sources.URLConfigurationSource     : No URLs will be polled as dynamic configuration sources.
2018-07-23 12:26:26.528  WARN 2708 --- [main] c.n.c.sources.URLConfigurationSource     : No URLs will be polled as dynamic configuration sources.
2018-07-23 12:26:28.025  INFO 2708 --- [main] c.e.d.DataUsersServiceApplication        : Started DataUsersServiceApplication in 4.09 seconds (JVM running for 4.706)
2018-07-23 12:26:39.912  INFO 2708 --- [http-nio-1000-exec-1] c.e.datausersservice.LoginController     : Try to login
2018-07-23 12:26:40.246 ERROR 2708 --- [http-nio-1000-exec-1] o.a.c.c.C.[.[.[/].[dispatcherServlet]    : Servlet.service() for servlet [dispatcherServlet] in context with path [] threw exception [Request processing failed; nested exception is java.lang.RuntimeException: com.netflix.client.ClientException: Load balancer does not have available server for client: users-service] with root cause

com.netflix.client.ClientException: Load balancer does not have available server for client: users-service
	at com.netflix.loadbalancer.LoadBalancerContext.getServerFromLoadBalancer(LoadBalancerContext.java:483) ~[ribbon-loadbalancer-2.2.5.jar:2.2.5]
	at com.netflix.loadbalancer.reactive.LoadBalancerCommand$1.call(LoadBalancerCommand.java:184) ~[ribbon-loadbalancer-2.2.5.jar:2.2.5]
	at com.netflix.loadbalancer.reactive.LoadBalancerCommand$1.call(LoadBalancerCommand.java:180) ~[ribbon-loadbalancer-2.2.5.jar:2.2.5]
	at rx.Observable.unsafeSubscribe(Observable.java:10327) ~[rxjava-1.3.8.jar:1.3.8]
	at rx.internal.operators.OnSubscribeConcatMap.call(OnSubscribeConcatMap.java:94) ~[rxjava-1.3.8.jar:1.3.8]
	at rx.internal.operators.OnSubscribeConcatMap.call(OnSubscribeConcatMap.java:42) ~[rxjava-1.3.8.jar:1.3.8]
	at rx.Observable.unsafeSubscribe(Observable.java:10327) ~[rxjava-1.3.8.jar:1.3.8]
	at rx.internal.operators.OperatorRetryWithPredicate$SourceSubscriber$1.call(OperatorRetryWithPredicate.java:127) ~[rxjava-1.3.8.jar:1.3.8]
	at rx.internal.schedulers.TrampolineScheduler$InnerCurrentThreadScheduler.enqueue(TrampolineScheduler.java:73) ~[rxjava-1.3.8.jar:1.3.8]
	at rx.internal.schedulers.TrampolineScheduler$InnerCurrentThreadScheduler.schedule(TrampolineScheduler.java:52) ~[rxjava-1.3.8.jar:1.3.8]
	at rx.internal.operators.OperatorRetryWithPredicate$SourceSubscriber.onNext(OperatorRetryWithPredicate.java:79) ~[rxjava-1.3.8.jar:1.3.8]
	at rx.internal.operators.OperatorRetryWithPredicate$SourceSubscriber.onNext(OperatorRetryWithPredicate.java:45) ~[rxjava-1.3.8.jar:1.3.8]
	at rx.internal.util.ScalarSynchronousObservable$WeakSingleProducer.request(ScalarSynchronousObservable.java:276) ~[rxjava-1.3.8.jar:1.3.8]
	at rx.Subscriber.setProducer(Subscriber.java:209) ~[rxjava-1.3.8.jar:1.3.8]
	at rx.internal.util.ScalarSynchronousObservable$JustOnSubscribe.call(ScalarSynchronousObservable.java:138) ~[rxjava-1.3.8.jar:1.3.8]
	at rx.internal.util.ScalarSynchronousObservable$JustOnSubscribe.call(ScalarSynchronousObservable.java:129) ~[rxjava-1.3.8.jar:1.3.8]
	at rx.internal.operators.OnSubscribeLift.call(OnSubscribeLift.java:48) ~[rxjava-1.3.8.jar:1.3.8]
	at rx.internal.operators.OnSubscribeLift.call(OnSubscribeLift.java:30) ~[rxjava-1.3.8.jar:1.3.8]
	at rx.internal.operators.OnSubscribeLift.call(OnSubscribeLift.java:48) ~[rxjava-1.3.8.jar:1.3.8]
	at rx.internal.operators.OnSubscribeLift.call(OnSubscribeLift.java:30) ~[rxjava-1.3.8.jar:1.3.8]
	at rx.internal.operators.OnSubscribeLift.call(OnSubscribeLift.java:48) ~[rxjava-1.3.8.jar:1.3.8]
	at rx.internal.operators.OnSubscribeLift.call(OnSubscribeLift.java:30) ~[rxjava-1.3.8.jar:1.3.8]
	at rx.Observable.subscribe(Observable.java:10423) ~[rxjava-1.3.8.jar:1.3.8]
	at rx.Observable.subscribe(Observable.java:10390) ~[rxjava-1.3.8.jar:1.3.8]
	at rx.observables.BlockingObservable.blockForSingle(BlockingObservable.java:443) ~[rxjava-1.3.8.jar:1.3.8]
	at rx.observables.BlockingObservable.single(BlockingObservable.java:340) ~[rxjava-1.3.8.jar:1.3.8]
	at com.netflix.client.AbstractLoadBalancerAwareClient.executeWithLoadBalancer(AbstractLoadBalancerAwareClient.java:112) ~[ribbon-loadbalancer-2.2.5.jar:2.2.5]
	at org.springframework.cloud.openfeign.ribbon.LoadBalancerFeignClient.execute(LoadBalancerFeignClient.java:63) ~[spring-cloud-openfeign-core-2.0.0.RELEASE.jar:2.0.0.RELEASE]
	at feign.SynchronousMethodHandler.executeAndDecode(SynchronousMethodHandler.java:97) ~[feign-core-9.5.1.jar:na]
	at feign.SynchronousMethodHandler.invoke(SynchronousMethodHandler.java:76) ~[feign-core-9.5.1.jar:na]
	at feign.ReflectiveFeign$FeignInvocationHandler.invoke(ReflectiveFeign.java:103) ~[feign-core-9.5.1.jar:na]
	at com.sun.proxy.$Proxy86.getUserByLogin(Unknown Source) ~[na:na]
	at com.example.datausersservice.LoginService.login(LoginService.java:27) ~[classes/:na]
	at com.example.datausersservice.LoginController.login(LoginController.java:26) ~[classes/:na]
	at sun.reflect.NativeMethodAccessorImpl.invoke0(Native Method) ~[na:1.8.0_171]
	at sun.reflect.NativeMethodAccessorImpl.invoke(NativeMethodAccessorImpl.java:62) ~[na:1.8.0_171]
	at sun.reflect.DelegatingMethodAccessorImpl.invoke(DelegatingMethodAccessorImpl.java:43) ~[na:1.8.0_171]
	at java.lang.reflect.Method.invoke(Method.java:498) ~[na:1.8.0_171]
	at org.springframework.web.method.support.InvocableHandlerMethod.doInvoke(InvocableHandlerMethod.java:209) ~[spring-web-5.0.7.RELEASE.jar:5.0.7.RELEASE]
	at org.springframework.web.method.support.InvocableHandlerMethod.invokeForRequest(InvocableHandlerMethod.java:136) ~[spring-web-5.0.7.RELEASE.jar:5.0.7.RELEASE]
	at org.springframework.web.servlet.mvc.method.annotation.ServletInvocableHandlerMethod.invokeAndHandle(ServletInvocableHandlerMethod.java:102) ~[spring-webmvc-5.0.7.RELEASE.jar:5.0.7.RELEASE]
	at org.springframework.web.servlet.mvc.method.annotation.RequestMappingHandlerAdapter.invokeHandlerMethod(RequestMappingHandlerAdapter.java:877) ~[spring-webmvc-5.0.7.RELEASE.jar:5.0.7.RELEASE]
	at org.springframework.web.servlet.mvc.method.annotation.RequestMappingHandlerAdapter.handleInternal(RequestMappingHandlerAdapter.java:783) ~[spring-webmvc-5.0.7.RELEASE.jar:5.0.7.RELEASE]
	at org.springframework.web.servlet.mvc.method.AbstractHandlerMethodAdapter.handle(AbstractHandlerMethodAdapter.java:87) ~[spring-webmvc-5.0.7.RELEASE.jar:5.0.7.RELEASE]
	at org.springframework.web.servlet.DispatcherServlet.doDispatch(DispatcherServlet.java:991) ~[spring-webmvc-5.0.7.RELEASE.jar:5.0.7.RELEASE]
	at org.springframework.web.servlet.DispatcherServlet.doService(DispatcherServlet.java:925) ~[spring-webmvc-5.0.7.RELEASE.jar:5.0.7.RELEASE]
	at org.springframework.web.servlet.FrameworkServlet.processRequest(FrameworkServlet.java:974) ~[spring-webmvc-5.0.7.RELEASE.jar:5.0.7.RELEASE]
	at org.springframework.web.servlet.FrameworkServlet.doPost(FrameworkServlet.java:877) ~[spring-webmvc-5.0.7.RELEASE.jar:5.0.7.RELEASE]
	at javax.servlet.http.HttpServlet.service(HttpServlet.java:661) ~[tomcat-embed-core-8.5.31.jar:8.5.31]
	at org.springframework.web.servlet.FrameworkServlet.service(FrameworkServlet.java:851) ~[spring-webmvc-5.0.7.RELEASE.jar:5.0.7.RELEASE]
	at javax.servlet.http.HttpServlet.service(HttpServlet.java:742) ~[tomcat-embed-core-8.5.31.jar:8.5.31]
	at org.apache.catalina.core.ApplicationFilterChain.internalDoFilter(ApplicationFilterChain.java:231) ~[tomcat-embed-core-8.5.31.jar:8.5.31]
	at org.apache.catalina.core.ApplicationFilterChain.doFilter(ApplicationFilterChain.java:166) ~[tomcat-embed-core-8.5.31.jar:8.5.31]
	at org.apache.tomcat.websocket.server.WsFilter.doFilter(WsFilter.java:52) ~[tomcat-embed-websocket-8.5.31.jar:8.5.31]
	at org.apache.catalina.core.ApplicationFilterChain.internalDoFilter(ApplicationFilterChain.java:193) ~[tomcat-embed-core-8.5.31.jar:8.5.31]
	at org.apache.catalina.core.ApplicationFilterChain.doFilter(ApplicationFilterChain.java:166) ~[tomcat-embed-core-8.5.31.jar:8.5.31]
	at org.springframework.web.filter.RequestContextFilter.doFilterInternal(RequestContextFilter.java:99) ~[spring-web-5.0.7.RELEASE.jar:5.0.7.RELEASE]
	at org.springframework.web.filter.OncePerRequestFilter.doFilter(OncePerRequestFilter.java:107) ~[spring-web-5.0.7.RELEASE.jar:5.0.7.RELEASE]
	at org.apache.catalina.core.ApplicationFilterChain.internalDoFilter(ApplicationFilterChain.java:193) ~[tomcat-embed-core-8.5.31.jar:8.5.31]
	at org.apache.catalina.core.ApplicationFilterChain.doFilter(ApplicationFilterChain.java:166) ~[tomcat-embed-core-8.5.31.jar:8.5.31]
	at org.springframework.web.filter.HttpPutFormContentFilter.doFilterInternal(HttpPutFormContentFilter.java:109) ~[spring-web-5.0.7.RELEASE.jar:5.0.7.RELEASE]
	at org.springframework.web.filter.OncePerRequestFilter.doFilter(OncePerRequestFilter.java:107) ~[spring-web-5.0.7.RELEASE.jar:5.0.7.RELEASE]
	at org.apache.catalina.core.ApplicationFilterChain.internalDoFilter(ApplicationFilterChain.java:193) ~[tomcat-embed-core-8.5.31.jar:8.5.31]
	at org.apache.catalina.core.ApplicationFilterChain.doFilter(ApplicationFilterChain.java:166) ~[tomcat-embed-core-8.5.31.jar:8.5.31]
	at org.springframework.web.filter.HiddenHttpMethodFilter.doFilterInternal(HiddenHttpMethodFilter.java:93) ~[spring-web-5.0.7.RELEASE.jar:5.0.7.RELEASE]
	at org.springframework.web.filter.OncePerRequestFilter.doFilter(OncePerRequestFilter.java:107) ~[spring-web-5.0.7.RELEASE.jar:5.0.7.RELEASE]
	at org.apache.catalina.core.ApplicationFilterChain.internalDoFilter(ApplicationFilterChain.java:193) ~[tomcat-embed-core-8.5.31.jar:8.5.31]
	at org.apache.catalina.core.ApplicationFilterChain.doFilter(ApplicationFilterChain.java:166) ~[tomcat-embed-core-8.5.31.jar:8.5.31]
	at org.springframework.web.filter.CharacterEncodingFilter.doFilterInternal(CharacterEncodingFilter.java:200) ~[spring-web-5.0.7.RELEASE.jar:5.0.7.RELEASE]
	at org.springframework.web.filter.OncePerRequestFilter.doFilter(OncePerRequestFilter.java:107) ~[spring-web-5.0.7.RELEASE.jar:5.0.7.RELEASE]
	at org.apache.catalina.core.ApplicationFilterChain.internalDoFilter(ApplicationFilterChain.java:193) ~[tomcat-embed-core-8.5.31.jar:8.5.31]
	at org.apache.catalina.core.ApplicationFilterChain.doFilter(ApplicationFilterChain.java:166) ~[tomcat-embed-core-8.5.31.jar:8.5.31]
	at org.apache.catalina.core.StandardWrapperValve.invoke(StandardWrapperValve.java:198) ~[tomcat-embed-core-8.5.31.jar:8.5.31]
	at org.apache.catalina.core.StandardContextValve.invoke(StandardContextValve.java:96) [tomcat-embed-core-8.5.31.jar:8.5.31]
	at org.apache.catalina.authenticator.AuthenticatorBase.invoke(AuthenticatorBase.java:496) [tomcat-embed-core-8.5.31.jar:8.5.31]
	at org.apache.catalina.core.StandardHostValve.invoke(StandardHostValve.java:140) [tomcat-embed-core-8.5.31.jar:8.5.31]
	at org.apache.catalina.valves.ErrorReportValve.invoke(ErrorReportValve.java:81) [tomcat-embed-core-8.5.31.jar:8.5.31]
	at org.apache.catalina.core.StandardEngineValve.invoke(StandardEngineValve.java:87) [tomcat-embed-core-8.5.31.jar:8.5.31]
	at org.apache.catalina.connector.CoyoteAdapter.service(CoyoteAdapter.java:342) [tomcat-embed-core-8.5.31.jar:8.5.31]
	at org.apache.coyote.http11.Http11Processor.service(Http11Processor.java:803) [tomcat-embed-core-8.5.31.jar:8.5.31]
	at org.apache.coyote.AbstractProcessorLight.process(AbstractProcessorLight.java:66) [tomcat-embed-core-8.5.31.jar:8.5.31]
	at org.apache.coyote.AbstractProtocol$ConnectionHandler.process(AbstractProtocol.java:790) [tomcat-embed-core-8.5.31.jar:8.5.31]
	at org.apache.tomcat.util.net.NioEndpoint$SocketProcessor.doRun(NioEndpoint.java:1468) [tomcat-embed-core-8.5.31.jar:8.5.31]
	at org.apache.tomcat.util.net.SocketProcessorBase.run(SocketProcessorBase.java:49) [tomcat-embed-core-8.5.31.jar:8.5.31]
	at java.util.concurrent.ThreadPoolExecutor.runWorker(ThreadPoolExecutor.java:1149) [na:1.8.0_171]
	at java.util.concurrent.ThreadPoolExecutor$Worker.run(ThreadPoolExecutor.java:624) [na:1.8.0_171]
	at org.apache.tomcat.util.threads.TaskThread$WrappingRunnable.run(TaskThread.java:61) [tomcat-embed-core-8.5.31.jar:8.5.31]
	at java.lang.Thread.run(Thread.java:748) [na:1.8.0_171]

2018-07-23 12:26:58.480  INFO 2708 --- [http-nio-1000-exec-2] c.e.datausersservice.LoginController     : Try to login
2018-07-23 12:26:58.484 ERROR 2708 --- [http-nio-1000-exec-2] o.a.c.c.C.[.[.[/].[dispatcherServlet]    : Servlet.service() for servlet [dispatcherServlet] in context with path [] threw exception [Request processing failed; nested exception is java.lang.RuntimeException: com.netflix.client.ClientException: Load balancer does not have available server for client: users-service] with root cause

com.netflix.client.ClientException: Load balancer does not have available server for client: users-service
	at com.netflix.loadbalancer.LoadBalancerContext.getServerFromLoadBalancer(LoadBalancerContext.java:483) ~[ribbon-loadbalancer-2.2.5.jar:2.2.5]
	at com.netflix.loadbalancer.reactive.LoadBalancerCommand$1.call(LoadBalancerCommand.java:184) ~[ribbon-loadbalancer-2.2.5.jar:2.2.5]
	at com.netflix.loadbalancer.reactive.LoadBalancerCommand$1.call(LoadBalancerCommand.java:180) ~[ribbon-loadbalancer-2.2.5.jar:2.2.5]
	at rx.Observable.unsafeSubscribe(Observable.java:10327) ~[rxjava-1.3.8.jar:1.3.8]
	at rx.internal.operators.OnSubscribeConcatMap.call(OnSubscribeConcatMap.java:94) ~[rxjava-1.3.8.jar:1.3.8]
	at rx.internal.operators.OnSubscribeConcatMap.call(OnSubscribeConcatMap.java:42) ~[rxjava-1.3.8.jar:1.3.8]
	at rx.Observable.unsafeSubscribe(Observable.java:10327) ~[rxjava-1.3.8.jar:1.3.8]
	at rx.internal.operators.OperatorRetryWithPredicate$SourceSubscriber$1.call(OperatorRetryWithPredicate.java:127) ~[rxjava-1.3.8.jar:1.3.8]
	at rx.internal.schedulers.TrampolineScheduler$InnerCurrentThreadScheduler.enqueue(TrampolineScheduler.java:73) ~[rxjava-1.3.8.jar:1.3.8]
	at rx.internal.schedulers.TrampolineScheduler$InnerCurrentThreadScheduler.schedule(TrampolineScheduler.java:52) ~[rxjava-1.3.8.jar:1.3.8]
	at rx.internal.operators.OperatorRetryWithPredicate$SourceSubscriber.onNext(OperatorRetryWithPredicate.java:79) ~[rxjava-1.3.8.jar:1.3.8]
	at rx.internal.operators.OperatorRetryWithPredicate$SourceSubscriber.onNext(OperatorRetryWithPredicate.java:45) ~[rxjava-1.3.8.jar:1.3.8]
	at rx.internal.util.ScalarSynchronousObservable$WeakSingleProducer.request(ScalarSynchronousObservable.java:276) ~[rxjava-1.3.8.jar:1.3.8]
	at rx.Subscriber.setProducer(Subscriber.java:209) ~[rxjava-1.3.8.jar:1.3.8]
	at rx.internal.util.ScalarSynchronousObservable$JustOnSubscribe.call(ScalarSynchronousObservable.java:138) ~[rxjava-1.3.8.jar:1.3.8]
	at rx.internal.util.ScalarSynchronousObservable$JustOnSubscribe.call(ScalarSynchronousObservable.java:129) ~[rxjava-1.3.8.jar:1.3.8]
	at rx.internal.operators.OnSubscribeLift.call(OnSubscribeLift.java:48) ~[rxjava-1.3.8.jar:1.3.8]
	at rx.internal.operators.OnSubscribeLift.call(OnSubscribeLift.java:30) ~[rxjava-1.3.8.jar:1.3.8]
	at rx.internal.operators.OnSubscribeLift.call(OnSubscribeLift.java:48) ~[rxjava-1.3.8.jar:1.3.8]
	at rx.internal.operators.OnSubscribeLift.call(OnSubscribeLift.java:30) ~[rxjava-1.3.8.jar:1.3.8]
	at rx.internal.operators.OnSubscribeLift.call(OnSubscribeLift.java:48) ~[rxjava-1.3.8.jar:1.3.8]
	at rx.internal.operators.OnSubscribeLift.call(OnSubscribeLift.java:30) ~[rxjava-1.3.8.jar:1.3.8]
	at rx.Observable.subscribe(Observable.java:10423) ~[rxjava-1.3.8.jar:1.3.8]
	at rx.Observable.subscribe(Observable.java:10390) ~[rxjava-1.3.8.jar:1.3.8]
	at rx.observables.BlockingObservable.blockForSingle(BlockingObservable.java:443) ~[rxjava-1.3.8.jar:1.3.8]
	at rx.observables.BlockingObservable.single(BlockingObservable.java:340) ~[rxjava-1.3.8.jar:1.3.8]
	at com.netflix.client.AbstractLoadBalancerAwareClient.executeWithLoadBalancer(AbstractLoadBalancerAwareClient.java:112) ~[ribbon-loadbalancer-2.2.5.jar:2.2.5]
	at org.springframework.cloud.openfeign.ribbon.LoadBalancerFeignClient.execute(LoadBalancerFeignClient.java:63) ~[spring-cloud-openfeign-core-2.0.0.RELEASE.jar:2.0.0.RELEASE]
	at feign.SynchronousMethodHandler.executeAndDecode(SynchronousMethodHandler.java:97) ~[feign-core-9.5.1.jar:na]
	at feign.SynchronousMethodHandler.invoke(SynchronousMethodHandler.java:76) ~[feign-core-9.5.1.jar:na]
	at feign.ReflectiveFeign$FeignInvocationHandler.invoke(ReflectiveFeign.java:103) ~[feign-core-9.5.1.jar:na]
	at com.sun.proxy.$Proxy86.getUserByLogin(Unknown Source) ~[na:na]
	at com.example.datausersservice.LoginService.login(LoginService.java:27) ~[classes/:na]
	at com.example.datausersservice.LoginController.login(LoginController.java:26) ~[classes/:na]
	at sun.reflect.NativeMethodAccessorImpl.invoke0(Native Method) ~[na:1.8.0_171]
	at sun.reflect.NativeMethodAccessorImpl.invoke(NativeMethodAccessorImpl.java:62) ~[na:1.8.0_171]
	at sun.reflect.DelegatingMethodAccessorImpl.invoke(DelegatingMethodAccessorImpl.java:43) ~[na:1.8.0_171]
	at java.lang.reflect.Method.invoke(Method.java:498) ~[na:1.8.0_171]
	at org.springframework.web.method.support.InvocableHandlerMethod.doInvoke(InvocableHandlerMethod.java:209) ~[spring-web-5.0.7.RELEASE.jar:5.0.7.RELEASE]
	at org.springframework.web.method.support.InvocableHandlerMethod.invokeForRequest(InvocableHandlerMethod.java:136) ~[spring-web-5.0.7.RELEASE.jar:5.0.7.RELEASE]
	at org.springframework.web.servlet.mvc.method.annotation.ServletInvocableHandlerMethod.invokeAndHandle(ServletInvocableHandlerMethod.java:102) ~[spring-webmvc-5.0.7.RELEASE.jar:5.0.7.RELEASE]
	at org.springframework.web.servlet.mvc.method.annotation.RequestMappingHandlerAdapter.invokeHandlerMethod(RequestMappingHandlerAdapter.java:877) ~[spring-webmvc-5.0.7.RELEASE.jar:5.0.7.RELEASE]
	at org.springframework.web.servlet.mvc.method.annotation.RequestMappingHandlerAdapter.handleInternal(RequestMappingHandlerAdapter.java:783) ~[spring-webmvc-5.0.7.RELEASE.jar:5.0.7.RELEASE]
	at org.springframework.web.servlet.mvc.method.AbstractHandlerMethodAdapter.handle(AbstractHandlerMethodAdapter.java:87) ~[spring-webmvc-5.0.7.RELEASE.jar:5.0.7.RELEASE]
	at org.springframework.web.servlet.DispatcherServlet.doDispatch(DispatcherServlet.java:991) ~[spring-webmvc-5.0.7.RELEASE.jar:5.0.7.RELEASE]
	at org.springframework.web.servlet.DispatcherServlet.doService(DispatcherServlet.java:925) ~[spring-webmvc-5.0.7.RELEASE.jar:5.0.7.RELEASE]
	at org.springframework.web.servlet.FrameworkServlet.processRequest(FrameworkServlet.java:974) ~[spring-webmvc-5.0.7.RELEASE.jar:5.0.7.RELEASE]
	at org.springframework.web.servlet.FrameworkServlet.doPost(FrameworkServlet.java:877) ~[spring-webmvc-5.0.7.RELEASE.jar:5.0.7.RELEASE]
	at javax.servlet.http.HttpServlet.service(HttpServlet.java:661) ~[tomcat-embed-core-8.5.31.jar:8.5.31]
	at org.springframework.web.servlet.FrameworkServlet.service(FrameworkServlet.java:851) ~[spring-webmvc-5.0.7.RELEASE.jar:5.0.7.RELEASE]
	at javax.servlet.http.HttpServlet.service(HttpServlet.java:742) ~[tomcat-embed-core-8.5.31.jar:8.5.31]
	at org.apache.catalina.core.ApplicationFilterChain.internalDoFilter(ApplicationFilterChain.java:231) ~[tomcat-embed-core-8.5.31.jar:8.5.31]
	at org.apache.catalina.core.ApplicationFilterChain.doFilter(ApplicationFilterChain.java:166) ~[tomcat-embed-core-8.5.31.jar:8.5.31]
	at org.apache.tomcat.websocket.server.WsFilter.doFilter(WsFilter.java:52) ~[tomcat-embed-websocket-8.5.31.jar:8.5.31]
	at org.apache.catalina.core.ApplicationFilterChain.internalDoFilter(ApplicationFilterChain.java:193) ~[tomcat-embed-core-8.5.31.jar:8.5.31]
	at org.apache.catalina.core.ApplicationFilterChain.doFilter(ApplicationFilterChain.java:166) ~[tomcat-embed-core-8.5.31.jar:8.5.31]
	at org.springframework.web.filter.RequestContextFilter.doFilterInternal(RequestContextFilter.java:99) ~[spring-web-5.0.7.RELEASE.jar:5.0.7.RELEASE]
	at org.springframework.web.filter.OncePerRequestFilter.doFilter(OncePerRequestFilter.java:107) ~[spring-web-5.0.7.RELEASE.jar:5.0.7.RELEASE]
	at org.apache.catalina.core.ApplicationFilterChain.internalDoFilter(ApplicationFilterChain.java:193) ~[tomcat-embed-core-8.5.31.jar:8.5.31]
	at org.apache.catalina.core.ApplicationFilterChain.doFilter(ApplicationFilterChain.java:166) ~[tomcat-embed-core-8.5.31.jar:8.5.31]
	at org.springframework.web.filter.HttpPutFormContentFilter.doFilterInternal(HttpPutFormContentFilter.java:109) ~[spring-web-5.0.7.RELEASE.jar:5.0.7.RELEASE]
	at org.springframework.web.filter.OncePerRequestFilter.doFilter(OncePerRequestFilter.java:107) ~[spring-web-5.0.7.RELEASE.jar:5.0.7.RELEASE]
	at org.apache.catalina.core.ApplicationFilterChain.internalDoFilter(ApplicationFilterChain.java:193) ~[tomcat-embed-core-8.5.31.jar:8.5.31]
	at org.apache.catalina.core.ApplicationFilterChain.doFilter(ApplicationFilterChain.java:166) ~[tomcat-embed-core-8.5.31.jar:8.5.31]
	at org.springframework.web.filter.HiddenHttpMethodFilter.doFilterInternal(HiddenHttpMethodFilter.java:93) ~[spring-web-5.0.7.RELEASE.jar:5.0.7.RELEASE]
	at org.springframework.web.filter.OncePerRequestFilter.doFilter(OncePerRequestFilter.java:107) ~[spring-web-5.0.7.RELEASE.jar:5.0.7.RELEASE]
	at org.apache.catalina.core.ApplicationFilterChain.internalDoFilter(ApplicationFilterChain.java:193) ~[tomcat-embed-core-8.5.31.jar:8.5.31]
	at org.apache.catalina.core.ApplicationFilterChain.doFilter(ApplicationFilterChain.java:166) ~[tomcat-embed-core-8.5.31.jar:8.5.31]
	at org.springframework.web.filter.CharacterEncodingFilter.doFilterInternal(CharacterEncodingFilter.java:200) ~[spring-web-5.0.7.RELEASE.jar:5.0.7.RELEASE]
	at org.springframework.web.filter.OncePerRequestFilter.doFilter(OncePerRequestFilter.java:107) ~[spring-web-5.0.7.RELEASE.jar:5.0.7.RELEASE]
	at org.apache.catalina.core.ApplicationFilterChain.internalDoFilter(ApplicationFilterChain.java:193) ~[tomcat-embed-core-8.5.31.jar:8.5.31]
	at org.apache.catalina.core.ApplicationFilterChain.doFilter(ApplicationFilterChain.java:166) ~[tomcat-embed-core-8.5.31.jar:8.5.31]
	at org.apache.catalina.core.StandardWrapperValve.invoke(StandardWrapperValve.java:198) ~[tomcat-embed-core-8.5.31.jar:8.5.31]
	at org.apache.catalina.core.StandardContextValve.invoke(StandardContextValve.java:96) [tomcat-embed-core-8.5.31.jar:8.5.31]
	at org.apache.catalina.authenticator.AuthenticatorBase.invoke(AuthenticatorBase.java:496) [tomcat-embed-core-8.5.31.jar:8.5.31]
	at org.apache.catalina.core.StandardHostValve.invoke(StandardHostValve.java:140) [tomcat-embed-core-8.5.31.jar:8.5.31]
	at org.apache.catalina.valves.ErrorReportValve.invoke(ErrorReportValve.java:81) [tomcat-embed-core-8.5.31.jar:8.5.31]
	at org.apache.catalina.core.StandardEngineValve.invoke(StandardEngineValve.java:87) [tomcat-embed-core-8.5.31.jar:8.5.31]
	at org.apache.catalina.connector.CoyoteAdapter.service(CoyoteAdapter.java:342) [tomcat-embed-core-8.5.31.jar:8.5.31]
	at org.apache.coyote.http11.Http11Processor.service(Http11Processor.java:803) [tomcat-embed-core-8.5.31.jar:8.5.31]
	at org.apache.coyote.AbstractProcessorLight.process(AbstractProcessorLight.java:66) [tomcat-embed-core-8.5.31.jar:8.5.31]
	at org.apache.coyote.AbstractProtocol$ConnectionHandler.process(AbstractProtocol.java:790) [tomcat-embed-core-8.5.31.jar:8.5.31]
	at org.apache.tomcat.util.net.NioEndpoint$SocketProcessor.doRun(NioEndpoint.java:1468) [tomcat-embed-core-8.5.31.jar:8.5.31]
	at org.apache.tomcat.util.net.SocketProcessorBase.run(SocketProcessorBase.java:49) [tomcat-embed-core-8.5.31.jar:8.5.31]
	at java.util.concurrent.ThreadPoolExecutor.runWorker(ThreadPoolExecutor.java:1149) [na:1.8.0_171]
	at java.util.concurrent.ThreadPoolExecutor$Worker.run(ThreadPoolExecutor.java:624) [na:1.8.0_171]
	at org.apache.tomcat.util.threads.TaskThread$WrappingRunnable.run(TaskThread.java:61) [tomcat-embed-core-8.5.31.jar:8.5.31]
	at java.lang.Thread.run(Thread.java:748) [na:1.8.0_171]

2018-07-23 12:27:39.129  INFO 2708 --- [http-nio-1000-exec-3] c.e.datausersservice.LoginController     : Try to login
2018-07-23 12:27:39.419  INFO 2708 --- [http-nio-1000-exec-3] c.example.datausersservice.LoginService  : Token created
2018-07-23 14:41:06.691  INFO 12976 --- [main] c.e.d.DataUsersServiceApplication        : No active profile set, falling back to default profiles: default
2018-07-23 14:41:08.002  WARN 12976 --- [main] c.n.c.sources.URLConfigurationSource     : No URLs will be polled as dynamic configuration sources.
2018-07-23 14:41:08.006  WARN 12976 --- [main] c.n.c.sources.URLConfigurationSource     : No URLs will be polled as dynamic configuration sources.
2018-07-23 14:41:08.467  WARN 12976 --- [main] ConfigServletWebServerApplicationContext : Exception encountered during context initialization - cancelling refresh attempt: org.springframework.beans.factory.BeanCreationException: Error creating bean with name 'org.springframework.boot.autoconfigure.jdbc.DataSourceJmxConfiguration$Hikari': Invocation of init method failed; nested exception is org.springframework.beans.factory.BeanCreationException: Error creating bean with name 'scopedTarget.dataSource' defined in class path resource [org/springframework/boot/autoconfigure/jdbc/DataSourceConfiguration$Hikari.class]: Bean instantiation via factory method failed; nested exception is org.springframework.beans.BeanInstantiationException: Failed to instantiate [com.zaxxer.hikari.HikariDataSource]: Factory method 'dataSource' threw exception; nested exception is org.springframework.boot.autoconfigure.jdbc.DataSourceProperties$DataSourceBeanCreationException: Failed to determine a suitable driver class
2018-07-23 14:41:08.487 ERROR 12976 --- [main] o.s.b.d.LoggingFailureAnalysisReporter   : 

***************************
APPLICATION FAILED TO START
***************************

Description:

Failed to configure a DataSource: 'url' attribute is not specified and no embedded datasource could be configured.

Reason: Failed to determine a suitable driver class


Action:

Consider the following:
	If you want an embedded database (H2, HSQL or Derby), please put it on the classpath.
	If you have database settings to be loaded from a particular profile you may need to activate it (no profiles are currently active).

2018-07-23 14:42:15.502  INFO 1312 --- [main] c.e.d.DataUsersServiceApplication        : No active profile set, falling back to default profiles: default
2018-07-23 14:42:16.615  WARN 1312 --- [main] c.n.c.sources.URLConfigurationSource     : No URLs will be polled as dynamic configuration sources.
2018-07-23 14:42:16.620  WARN 1312 --- [main] c.n.c.sources.URLConfigurationSource     : No URLs will be polled as dynamic configuration sources.
2018-07-23 14:42:17.989  INFO 1312 --- [main] c.e.d.DataUsersServiceApplication        : Started DataUsersServiceApplication in 3.548 seconds (JVM running for 4.112)
2018-07-23 14:44:44.170  INFO 3768 --- [main] c.e.d.DataUsersServiceApplication        : No active profile set, falling back to default profiles: default
2018-07-23 14:44:45.313  WARN 3768 --- [main] c.n.c.sources.URLConfigurationSource     : No URLs will be polled as dynamic configuration sources.
2018-07-23 14:44:45.318  WARN 3768 --- [main] c.n.c.sources.URLConfigurationSource     : No URLs will be polled as dynamic configuration sources.
2018-07-23 14:44:46.679  INFO 3768 --- [main] c.e.d.DataUsersServiceApplication        : Started DataUsersServiceApplication in 3.569 seconds (JVM running for 4.165)
2018-07-23 14:46:38.569  INFO 3768 --- [http-nio-4001-exec-1] c.e.datausersservice.LoginController     : Try to login
2018-07-23 14:46:39.187  INFO 3768 --- [http-nio-4001-exec-1] c.example.datausersservice.LoginService  : Token created
2018-07-23 14:46:49.460  INFO 3768 --- [http-nio-4001-exec-2] c.e.datausersservice.LoginController     : Try to login
2018-07-23 14:46:49.468 ERROR 3768 --- [http-nio-4001-exec-2] c.example.datausersservice.LoginService  : User not found
2018-07-23 14:47:04.106  INFO 3768 --- [http-nio-4001-exec-3] c.e.datausersservice.LoginController     : Try to login
2018-07-23 14:47:04.114 ERROR 3768 --- [http-nio-4001-exec-3] c.example.datausersservice.LoginService  : User not found
2018-07-23 14:47:09.223  INFO 3768 --- [http-nio-4001-exec-5] c.e.datausersservice.LoginController     : Try to login
2018-07-23 14:47:09.239  INFO 3768 --- [http-nio-4001-exec-5] c.example.datausersservice.LoginService  : Token created
2018-07-23 14:53:21.800  INFO 3768 --- [http-nio-4001-exec-7] c.e.datausersservice.LoginController     : Try to login
2018-07-23 14:53:21.814  INFO 3768 --- [http-nio-4001-exec-7] c.example.datausersservice.LoginService  : Token created
2018-07-23 15:14:35.477  INFO 12348 --- [main] c.e.d.DataUsersServiceApplication        : No active profile set, falling back to default profiles: default
2018-07-23 15:14:38.038  WARN 12348 --- [main] c.n.c.sources.URLConfigurationSource     : No URLs will be polled as dynamic configuration sources.
2018-07-23 15:14:38.043  WARN 12348 --- [main] c.n.c.sources.URLConfigurationSource     : No URLs will be polled as dynamic configuration sources.
2018-07-23 15:14:40.797  INFO 12348 --- [main] c.e.d.DataUsersServiceApplication        : Started DataUsersServiceApplication in 7.2 seconds (JVM running for 8.073)
2018-07-23 15:17:01.638  INFO 12348 --- [http-nio-4001-exec-10] c.e.datausersservice.LoginController     : Try to login
2018-07-23 15:17:02.274  INFO 12348 --- [http-nio-4001-exec-10] c.example.datausersservice.LoginService  : Token created
2018-07-23 15:22:05.595  INFO 12348 --- [http-nio-4001-exec-9] c.e.datausersservice.LoginController     : Try to login
2018-07-23 15:22:05.613  INFO 12348 --- [http-nio-4001-exec-9] c.example.datausersservice.LoginService  : Token created
2018-07-23 15:23:20.559  INFO 12348 --- [http-nio-4001-exec-6] c.e.datausersservice.LoginController     : Try to login
2018-07-23 15:23:20.574  INFO 12348 --- [http-nio-4001-exec-6] c.example.datausersservice.LoginService  : Token created
2018-07-23 15:26:00.245  INFO 5284 --- [main] c.e.d.DataUsersServiceApplication        : No active profile set, falling back to default profiles: default
2018-07-23 15:26:02.589  WARN 5284 --- [main] c.n.c.sources.URLConfigurationSource     : No URLs will be polled as dynamic configuration sources.
2018-07-23 15:26:02.599  WARN 5284 --- [main] c.n.c.sources.URLConfigurationSource     : No URLs will be polled as dynamic configuration sources.
2018-07-23 15:26:05.720  INFO 5284 --- [main] c.e.d.DataUsersServiceApplication        : Started DataUsersServiceApplication in 7.554 seconds (JVM running for 8.368)
2018-07-23 15:27:21.775  INFO 5284 --- [http-nio-4001-exec-10] c.e.datausersservice.LoginController     : Try to login
2018-07-23 15:27:22.277  INFO 5284 --- [http-nio-4001-exec-10] c.example.datausersservice.LoginService  : Token created
2018-07-23 15:36:32.107  INFO 7080 --- [main] c.e.d.DataUsersServiceApplication        : No active profile set, falling back to default profiles: default
2018-07-23 15:36:34.243  WARN 7080 --- [main] c.n.c.sources.URLConfigurationSource     : No URLs will be polled as dynamic configuration sources.
2018-07-23 15:36:34.248  WARN 7080 --- [main] c.n.c.sources.URLConfigurationSource     : No URLs will be polled as dynamic configuration sources.
2018-07-23 15:36:37.727  INFO 7080 --- [main] c.e.d.DataUsersServiceApplication        : Started DataUsersServiceApplication in 7.438 seconds (JVM running for 8.137)
2018-07-23 15:37:09.379  INFO 7080 --- [http-nio-4001-exec-1] c.e.datausersservice.LoginController     : Try to login
2018-07-23 15:37:10.034  INFO 7080 --- [http-nio-4001-exec-1] c.example.datausersservice.LoginService  : Token created
2018-07-23 15:42:38.960  INFO 7080 --- [http-nio-4001-exec-3] c.e.datausersservice.LoginController     : Try to login
2018-07-23 15:42:38.974  INFO 7080 --- [http-nio-4001-exec-3] c.example.datausersservice.LoginService  : Token created
2018-07-23 15:45:59.571  INFO 7080 --- [http-nio-4001-exec-6] c.e.datausersservice.LoginController     : Try to login
2018-07-23 15:45:59.584  INFO 7080 --- [http-nio-4001-exec-6] c.example.datausersservice.LoginService  : Token created
2018-07-23 15:46:47.872  INFO 7080 --- [http-nio-4001-exec-7] c.e.datausersservice.LoginController     : Try to login
2018-07-23 15:46:47.885  INFO 7080 --- [http-nio-4001-exec-7] c.example.datausersservice.LoginService  : Token created
2018-07-23 15:49:45.703  INFO 7080 --- [http-nio-4001-exec-9] c.e.datausersservice.LoginController     : Try to login
2018-07-23 15:49:45.717  INFO 7080 --- [http-nio-4001-exec-9] c.example.datausersservice.LoginService  : Token created
2018-07-23 15:50:17.861  INFO 7080 --- [http-nio-4001-exec-5] c.e.datausersservice.LoginController     : Try to login
2018-07-23 15:50:17.874  INFO 7080 --- [http-nio-4001-exec-5] c.example.datausersservice.LoginService  : Token created
2018-07-23 15:51:12.363  INFO 7080 --- [http-nio-4001-exec-10] c.e.datausersservice.LoginController     : Try to login
2018-07-23 15:51:12.375  INFO 7080 --- [http-nio-4001-exec-10] c.example.datausersservice.LoginService  : Token created
2018-07-23 15:54:33.700  INFO 7080 --- [http-nio-4001-exec-2] c.e.datausersservice.LoginController     : Try to login
2018-07-23 15:54:33.714  INFO 7080 --- [http-nio-4001-exec-2] c.example.datausersservice.LoginService  : Token created
2018-07-23 15:55:25.410  INFO 7080 --- [http-nio-4001-exec-3] c.e.datausersservice.LoginController     : Try to login
2018-07-23 15:55:25.423  INFO 7080 --- [http-nio-4001-exec-3] c.example.datausersservice.LoginService  : Token created
2018-07-23 16:08:39.689  INFO 7080 --- [http-nio-4001-exec-6] c.e.datausersservice.LoginController     : Try to login
2018-07-23 16:08:39.702  INFO 7080 --- [http-nio-4001-exec-6] c.example.datausersservice.LoginService  : Token created
2018-07-23 16:11:33.950  INFO 7080 --- [http-nio-4001-exec-8] c.e.datausersservice.LoginController     : Try to login
2018-07-23 16:11:33.962  INFO 7080 --- [http-nio-4001-exec-8] c.example.datausersservice.LoginService  : Token created
2018-07-23 16:11:52.566  INFO 7080 --- [http-nio-4001-exec-9] c.e.datausersservice.LoginController     : Try to login
2018-07-23 16:11:52.577  INFO 7080 --- [http-nio-4001-exec-9] c.example.datausersservice.LoginService  : Token created
